<?xml version="1.0" encoding="UTF-8"?>
<robot generator="Robot 4.1.2 (Python 3.9.5 on win32)" generated="20211119 19:51:05.997" rpa="false" schemaversion="2">
<suite id="s1" name="TC001" source="C:\Users\SOURAV\Downloads\Data\pythonProject\RobotAutomation\TestCases\TC001.robot">
<test id="s1-t1" name="TC_001 Browser Start Close">
<kw name="Start Browser and Maximize" library="resources1" type="SETUP">
<kw name="Open Browser" library="SeleniumLibrary">
<arg>${URL}</arg>
<arg>${BROWSER}</arg>
<doc>Opens a new browser instance to the optional ``url``.</doc>
<msg timestamp="20211119 19:51:08.257" level="INFO">Opening browser 'Chrome' to base url 'http://www.thetestingworld.com/testings'.</msg>
<status status="PASS" starttime="20211119 19:51:08.257" endtime="20211119 19:51:23.059"/>
</kw>
<kw name="Maximize Browser Window" library="SeleniumLibrary">
<doc>Maximizes current browser window.</doc>
<status status="PASS" starttime="20211119 19:51:23.059" endtime="20211119 19:51:23.206"/>
</kw>
<kw name="Get Title" library="SeleniumLibrary">
<var>${Ttile}</var>
<doc>Returns the title of the current page.</doc>
<msg timestamp="20211119 19:51:23.243" level="INFO">${Ttile} = Login &amp; Sign Up Forms</msg>
<status status="PASS" starttime="20211119 19:51:23.206" endtime="20211119 19:51:23.243"/>
</kw>
<status status="PASS" starttime="20211119 19:51:08.257" endtime="20211119 19:51:23.243"/>
</kw>
<kw name="Enter username email password" library="resources1">
<arg>sourav</arg>
<arg>sourabhsat89@gmail.com</arg>
<arg>sourav</arg>
<kw name="readLocatordata" library="resources1">
<var>${userName}</var>
<arg>Registration.username_name</arg>
<kw name="Readdata 1" library="readData">
<var>${result}</var>
<arg>${locator}</arg>
<msg timestamp="20211119 19:51:23.324" level="INFO">${result} = fld_username</msg>
<status status="PASS" starttime="20211119 19:51:23.243" endtime="20211119 19:51:23.324"/>
</kw>
<msg timestamp="20211119 19:51:23.324" level="INFO">${userName} = fld_username</msg>
<status status="PASS" starttime="20211119 19:51:23.243" endtime="20211119 19:51:23.324"/>
</kw>
<kw name="Input Text" library="SeleniumLibrary">
<arg>name:${userName}</arg>
<arg>${name}</arg>
<doc>Types the given ``text`` into the text field identified by ``locator``.</doc>
<msg timestamp="20211119 19:51:23.340" level="INFO">Typing text 'sourav' into text field 'name:fld_username'.</msg>
<status status="PASS" starttime="20211119 19:51:23.324" endtime="20211119 19:51:23.574"/>
</kw>
<kw name="Input Text" library="SeleniumLibrary">
<arg>xpath://input[@name='fld_email']</arg>
<arg>${Email}</arg>
<doc>Types the given ``text`` into the text field identified by ``locator``.</doc>
<msg timestamp="20211119 19:51:23.574" level="INFO">Typing text 'sourabhsat89@gmail.com' into text field 'xpath://input[@name='fld_email']'.</msg>
<status status="PASS" starttime="20211119 19:51:23.574" endtime="20211119 19:51:23.673"/>
</kw>
<kw name="Input Password" library="SeleniumLibrary">
<arg>name:fld_password</arg>
<arg>${Password}</arg>
<doc>Types the given password into the text field identified by ``locator``.</doc>
<msg timestamp="20211119 19:51:23.673" level="INFO">Typing password into text field 'name:fld_password'.</msg>
<msg timestamp="20211119 19:51:23.709" level="INFO">Temporally setting log level to: NONE</msg>
<msg timestamp="20211119 19:51:23.759" level="INFO">Log level changed from NONE to INFO.</msg>
<status status="PASS" starttime="20211119 19:51:23.673" endtime="20211119 19:51:23.760"/>
</kw>
<status status="PASS" starttime="20211119 19:51:23.243" endtime="20211119 19:51:23.760"/>
</kw>
<kw name="Select Radio Button" library="SeleniumLibrary">
<arg>add_type</arg>
<arg>office</arg>
<doc>Sets the radio button group ``group_name`` to ``value``.</doc>
<msg timestamp="20211119 19:51:23.761" level="INFO">Selecting 'office' from radio button 'add_type'.</msg>
<status status="PASS" starttime="20211119 19:51:23.760" endtime="20211119 19:51:23.823"/>
</kw>
<kw name="Select Checkbox" library="SeleniumLibrary">
<arg>name:terms</arg>
<doc>Selects the checkbox identified by ``locator``.</doc>
<msg timestamp="20211119 19:51:23.824" level="INFO">Selecting checkbox 'name:terms'.</msg>
<status status="PASS" starttime="20211119 19:51:23.824" endtime="20211119 19:51:23.910"/>
</kw>
<kw name="Select From List By Value" library="SeleniumLibrary">
<arg>name:sex</arg>
<arg>1</arg>
<doc>Selects options from selection list ``locator`` by ``values``.</doc>
<msg timestamp="20211119 19:51:23.911" level="INFO">Selecting options from selection list 'name:sex' by value 1.</msg>
<status status="PASS" starttime="20211119 19:51:23.911" endtime="20211119 19:51:23.983"/>
</kw>
<kw name="Click Link" library="SeleniumLibrary">
<arg>xpath://a[text()='Read Detail']</arg>
<doc>Clicks a link identified by ``locator``.</doc>
<msg timestamp="20211119 19:51:23.984" level="INFO">Clicking link 'xpath://a[text()='Read Detail']'.</msg>
<status status="PASS" starttime="20211119 19:51:23.983" endtime="20211119 19:51:24.183"/>
</kw>
<kw name="close browser window" library="resources1" type="TEARDOWN">
<kw name="Close Browser" library="SeleniumLibrary">
<doc>Closes the current browser.</doc>
<status status="PASS" starttime="20211119 19:51:24.184" endtime="20211119 19:51:26.297"/>
</kw>
<status status="PASS" starttime="20211119 19:51:24.184" endtime="20211119 19:51:26.297"/>
</kw>
<status status="PASS" starttime="20211119 19:51:08.257" endtime="20211119 19:51:26.297"/>
</test>
<test id="s1-t2" name="TC_002 Browser Start Close">
<kw name="Start Browser and Maximize" library="resources1" type="SETUP">
<kw name="Open Browser" library="SeleniumLibrary">
<arg>${URL}</arg>
<arg>${BROWSER}</arg>
<doc>Opens a new browser instance to the optional ``url``.</doc>
<msg timestamp="20211119 19:51:26.313" level="INFO">Opening browser 'Chrome' to base url 'http://www.thetestingworld.com/testings'.</msg>
<status status="PASS" starttime="20211119 19:51:26.313" endtime="20211119 19:51:35.470"/>
</kw>
<kw name="Maximize Browser Window" library="SeleniumLibrary">
<doc>Maximizes current browser window.</doc>
<status status="PASS" starttime="20211119 19:51:35.470" endtime="20211119 19:51:35.582"/>
</kw>
<kw name="Get Title" library="SeleniumLibrary">
<var>${Ttile}</var>
<doc>Returns the title of the current page.</doc>
<msg timestamp="20211119 19:51:35.587" level="INFO">${Ttile} = Login &amp; Sign Up Forms</msg>
<status status="PASS" starttime="20211119 19:51:35.583" endtime="20211119 19:51:35.587"/>
</kw>
<status status="PASS" starttime="20211119 19:51:26.313" endtime="20211119 19:51:35.587"/>
</kw>
<kw name="Enter username email password" library="resources1">
<arg>sourav</arg>
<arg>sourabhsat89@gmail.com</arg>
<arg>sourav</arg>
<kw name="readLocatordata" library="resources1">
<var>${userName}</var>
<arg>Registration.username_name</arg>
<kw name="Readdata 1" library="readData">
<var>${result}</var>
<arg>${locator}</arg>
<msg timestamp="20211119 19:51:35.589" level="INFO">${result} = fld_username</msg>
<status status="PASS" starttime="20211119 19:51:35.589" endtime="20211119 19:51:35.589"/>
</kw>
<msg timestamp="20211119 19:51:35.589" level="INFO">${userName} = fld_username</msg>
<status status="PASS" starttime="20211119 19:51:35.588" endtime="20211119 19:51:35.589"/>
</kw>
<kw name="Input Text" library="SeleniumLibrary">
<arg>name:${userName}</arg>
<arg>${name}</arg>
<doc>Types the given ``text`` into the text field identified by ``locator``.</doc>
<msg timestamp="20211119 19:51:35.589" level="INFO">Typing text 'sourav' into text field 'name:fld_username'.</msg>
<status status="PASS" starttime="20211119 19:51:35.589" endtime="20211119 19:51:35.691"/>
</kw>
<kw name="Input Text" library="SeleniumLibrary">
<arg>xpath://input[@name='fld_email']</arg>
<arg>${Email}</arg>
<doc>Types the given ``text`` into the text field identified by ``locator``.</doc>
<msg timestamp="20211119 19:51:35.692" level="INFO">Typing text 'sourabhsat89@gmail.com' into text field 'xpath://input[@name='fld_email']'.</msg>
<status status="PASS" starttime="20211119 19:51:35.691" endtime="20211119 19:51:35.791"/>
</kw>
<kw name="Input Password" library="SeleniumLibrary">
<arg>name:fld_password</arg>
<arg>${Password}</arg>
<doc>Types the given password into the text field identified by ``locator``.</doc>
<msg timestamp="20211119 19:51:35.792" level="INFO">Typing password into text field 'name:fld_password'.</msg>
<msg timestamp="20211119 19:51:35.836" level="INFO">Temporally setting log level to: NONE</msg>
<msg timestamp="20211119 19:51:35.879" level="INFO">Log level changed from NONE to INFO.</msg>
<status status="PASS" starttime="20211119 19:51:35.792" endtime="20211119 19:51:35.880"/>
</kw>
<status status="PASS" starttime="20211119 19:51:35.588" endtime="20211119 19:51:35.880"/>
</kw>
<kw name="Select Radio Button" library="SeleniumLibrary">
<arg>add_type</arg>
<arg>office</arg>
<doc>Sets the radio button group ``group_name`` to ``value``.</doc>
<msg timestamp="20211119 19:51:35.880" level="INFO">Selecting 'office' from radio button 'add_type'.</msg>
<status status="PASS" starttime="20211119 19:51:35.880" endtime="20211119 19:51:35.947"/>
</kw>
<kw name="Select Checkbox" library="SeleniumLibrary">
<arg>name:terms</arg>
<doc>Selects the checkbox identified by ``locator``.</doc>
<msg timestamp="20211119 19:51:35.948" level="INFO">Selecting checkbox 'name:terms'.</msg>
<status status="PASS" starttime="20211119 19:51:35.948" endtime="20211119 19:51:36.030"/>
</kw>
<kw name="Select From List By Value" library="SeleniumLibrary">
<arg>name:sex</arg>
<arg>1</arg>
<doc>Selects options from selection list ``locator`` by ``values``.</doc>
<msg timestamp="20211119 19:51:36.031" level="INFO">Selecting options from selection list 'name:sex' by value 1.</msg>
<status status="PASS" starttime="20211119 19:51:36.030" endtime="20211119 19:51:36.101"/>
</kw>
<kw name="Click Link" library="SeleniumLibrary">
<arg>xpath://a[text()='Read Detail']</arg>
<doc>Clicks a link identified by ``locator``.</doc>
<msg timestamp="20211119 19:51:36.102" level="INFO">Clicking link 'xpath://a[text()='Read Detail']'.</msg>
<status status="PASS" starttime="20211119 19:51:36.101" endtime="20211119 19:51:36.165"/>
</kw>
<kw name="close browser window" library="resources1" type="TEARDOWN">
<kw name="Close Browser" library="SeleniumLibrary">
<doc>Closes the current browser.</doc>
<status status="PASS" starttime="20211119 19:51:36.167" endtime="20211119 19:51:38.259"/>
</kw>
<status status="PASS" starttime="20211119 19:51:36.166" endtime="20211119 19:51:38.259"/>
</kw>
<tag>smoke</tag>
<status status="PASS" starttime="20211119 19:51:26.313" endtime="20211119 19:51:38.259"/>
</test>
<status status="PASS" starttime="20211119 19:51:05.997" endtime="20211119 19:51:38.259"/>
</suite>
<statistics>
<total>
<stat pass="2" fail="0" skip="0">All Tests</stat>
</total>
<tag>
<stat pass="1" fail="0" skip="0">smoke</stat>
</tag>
<suite>
<stat pass="2" fail="0" skip="0" id="s1" name="TC001">TC001</stat>
</suite>
</statistics>
<errors>
</errors>
</robot>
